[2026-02-09 21:37:25] root: INFO: Starting Flye 2.9.6-b1802
[2026-02-09 21:37:25] root: DEBUG: Cmd: /Users/ailishm/miniconda3/envs/ont_assembly/bin/flye --nano-hq filtered_reads/SRR32410565.filtered.fastq --genome-size 5m --out-dir assemblies/flye
[2026-02-09 21:37:25] root: DEBUG: Python version: 3.12.12 | packaged by conda-forge | (main, Jan 27 2026, 00:01:15) [Clang 19.1.7 ]
[2026-02-09 21:37:25] root: INFO: >>>STAGE: configure
[2026-02-09 21:37:25] root: INFO: Configuring run
[2026-02-09 21:37:26] root: INFO: Total read length: 624749440
[2026-02-09 21:37:26] root: INFO: Input genome size: 5000000
[2026-02-09 21:37:26] root: INFO: Estimated coverage: 124
[2026-02-09 21:37:26] root: INFO: Reads N50/N90: 4699 / 2709
[2026-02-09 21:37:26] root: INFO: Minimum overlap set to 3000
[2026-02-09 21:37:26] root: INFO: >>>STAGE: assembly
[2026-02-09 21:37:26] root: INFO: Assembling disjointigs
[2026-02-09 21:37:26] root: DEBUG: -----Begin assembly log------
[2026-02-09 21:37:26] root: DEBUG: Running: flye-modules assemble --reads /Users/ailishm/binf6110/assignment1/filtered_reads/SRR32410565.filtered.fastq --out-asm /Users/ailishm/binf6110/assignment1/assemblies/flye/00-assembly/draft_assembly.fasta --config /Users/ailishm/miniconda3/envs/ont_assembly/lib/python3.12/site-packages/flye/config/bin_cfg/asm_nano_hq.cfg --log /Users/ailishm/binf6110/assignment1/assemblies/flye/flye.log --threads 1 --genome-size 5000000 --min-ovlp 3000
[2026-02-09 21:37:26] DEBUG: Build date: May  4 2025 23:20:07
[2026-02-09 21:37:26] DEBUG: Total RAM: 16 Gb
[2026-02-09 21:37:26] DEBUG: Available RAM: 0 Gb
[2026-02-09 21:37:26] DEBUG: Total CPUs: 10
[2026-02-09 21:37:26] DEBUG: Loading /Users/ailishm/miniconda3/envs/ont_assembly/lib/python3.12/site-packages/flye/config/bin_cfg/asm_nano_hq.cfg
[2026-02-09 21:37:26] DEBUG: Loading /Users/ailishm/miniconda3/envs/ont_assembly/lib/python3.12/site-packages/flye/config/bin_cfg/asm_defaults.cfg
[2026-02-09 21:37:26] DEBUG: 	big_genome_threshold=29000000
[2026-02-09 21:37:26] DEBUG: 	meta_read_filter_kmer_freq=100
[2026-02-09 21:37:26] DEBUG: 	chain_large_gap_penalty=2
[2026-02-09 21:37:26] DEBUG: 	chain_small_gap_penalty=0.5
[2026-02-09 21:37:26] DEBUG: 	chain_gap_jump_threshold=100
[2026-02-09 21:37:26] DEBUG: 	max_jump_gap=500
[2026-02-09 21:37:26] DEBUG: 	max_coverage_drop_rate=5
[2026-02-09 21:37:26] DEBUG: 	max_extensions_drop_rate=5
[2026-02-09 21:37:26] DEBUG: 	chimera_window=100
[2026-02-09 21:37:26] DEBUG: 	chimera_overhang=1000
[2026-02-09 21:37:26] DEBUG: 	min_reads_in_disjointig=4
[2026-02-09 21:37:26] DEBUG: 	max_inner_reads=10
[2026-02-09 21:37:26] DEBUG: 	max_inner_fraction=0.25
[2026-02-09 21:37:26] DEBUG: 	aggressive_dup_filter=1
[2026-02-09 21:37:26] DEBUG: 	max_separation=500
[2026-02-09 21:37:26] DEBUG: 	unique_edge_length=50000
[2026-02-09 21:37:26] DEBUG: 	min_repeat_res_support=0.51
[2026-02-09 21:37:26] DEBUG: 	out_paths_ratio=5
[2026-02-09 21:37:26] DEBUG: 	graph_cov_drop_rate=5
[2026-02-09 21:37:26] DEBUG: 	coverage_estimate_window=100
[2026-02-09 21:37:26] DEBUG: 	max_bubble_length=50000
[2026-02-09 21:37:26] DEBUG: 	loop_coverage_rate=1.5
[2026-02-09 21:37:26] DEBUG: 	repeat_edge_cov_mult=1.75
[2026-02-09 21:37:26] DEBUG: 	weak_detach_rate=5
[2026-02-09 21:37:26] DEBUG: 	tip_coverage_rate=2
[2026-02-09 21:37:26] DEBUG: 	tip_length_rate=2
[2026-02-09 21:37:26] DEBUG: 	output_gfa_before_rr=1
[2026-02-09 21:37:26] DEBUG: 	remove_alt_edges=0
[2026-02-09 21:37:26] DEBUG: 	low_cutoff_warning=0
[2026-02-09 21:37:26] DEBUG: 	kmer_size=17
[2026-02-09 21:37:26] DEBUG: 	use_minimizers=1
[2026-02-09 21:37:26] DEBUG: 	minimizer_window=10
[2026-02-09 21:37:26] DEBUG: 	reads_base_alignment=1
[2026-02-09 21:37:26] DEBUG: 	meta_read_top_kmer_rate=0.75
[2026-02-09 21:37:26] DEBUG: 	maximum_jump=1500
[2026-02-09 21:37:26] DEBUG: 	maximum_overhang=1500
[2026-02-09 21:37:26] DEBUG: 	repeat_kmer_rate=100
[2026-02-09 21:37:26] DEBUG: 	assemble_ovlp_divergence=0.03
[2026-02-09 21:37:26] DEBUG: 	assemble_divergence_relative=1
[2026-02-09 21:37:26] DEBUG: 	repeat_graph_ovlp_divergence=0.03
[2026-02-09 21:37:26] DEBUG: 	read_align_ovlp_divergence=0.10
[2026-02-09 21:37:26] DEBUG: 	hpc_scoring_on=1
[2026-02-09 21:37:26] DEBUG: 	add_unassembled_reads=0
[2026-02-09 21:37:26] DEBUG: 	extend_contigs_with_repeats=0
[2026-02-09 21:37:26] DEBUG: 	min_read_cov_cutoff=3
[2026-02-09 21:37:26] DEBUG: 	short_tip_length=20000
[2026-02-09 21:37:26] DEBUG: 	long_tip_length=100000
[2026-02-09 21:37:26] DEBUG: Running with k-mer size: 17
[2026-02-09 21:37:26] DEBUG: Running with minimum overlap 3000
[2026-02-09 21:37:26] DEBUG: Metagenome mode: N
[2026-02-09 21:37:26] DEBUG: Short mode: N
[2026-02-09 21:37:26] INFO: Reading sequences
[2026-02-09 21:37:28] DEBUG: Building positional index
[2026-02-09 21:37:28] DEBUG: Total sequence: 534022837 bp
[2026-02-09 21:37:28] INFO: Building minimizer index
[2026-02-09 21:37:28] INFO: Pre-calculating index storage
[2026-02-09 21:37:46] DEBUG: Mean k-mer frequency: 13.4605
[2026-02-09 21:37:46] DEBUG: Repetitive k-mer frequency: 1346
[2026-02-09 21:37:46] DEBUG: Filtered 15323 repetitive k-mers (0.000158041)
[2026-02-09 21:37:46] INFO: Filling index
[2026-02-09 21:38:10] DEBUG: Sorting k-mer index
[2026-02-09 21:38:10] DEBUG: Selected k-mers: 7202957
[2026-02-09 21:38:10] DEBUG: K-mer index size: 96940328
[2026-02-09 21:38:10] DEBUG: Mean k-mer frequency: 13.4584
[2026-02-09 21:38:10] DEBUG: Minimizer rate: 5.50878
[2026-02-09 21:38:10] DEBUG: Peak RAM usage: 1 Gb
[2026-02-09 21:38:10] DEBUG: Estimating k-mer identity bias
[2026-02-09 21:38:28] DEBUG: Initial divergence estimate : 0.0125737
[2026-02-09 21:38:28] DEBUG: Relative threshold: Y
[2026-02-09 21:38:28] DEBUG: Max divergence threshold set to 0.0425737
[2026-02-09 21:38:28] INFO: Extending reads
[2026-02-09 21:38:28] DEBUG: Estimating overlap coverage
[2026-02-09 21:38:47] INFO: Overlap-based coverage: 102
[2026-02-09 21:38:47] INFO: Median overlap divergence: 0.012636
[2026-02-09 21:38:47] DEBUG: Sequence divergence distribution: 

    |  *     |                                                                                           
    |  *     |                                                                                           
    |  *     |                                                                                           
    |  *     |                                                                                           
    |  *     |                                                                                           
    |  *     |                                                                                           
    |  *     |                                                                                           
    |  *     |                                                                                           
    | **     |                                                                                           
    | ***    |                                                                                           
    | ***    |                                                                                           
    | ***    |                                                                                           
    | ***    |                                                                                           
    | ***    |                                                                                           
    | ***    |                                                                                           
    | ***    |                                                                                           
    | ***    |                                                                                           
    | ****   |                                                                                           
    | ****   |                                                                                           
    |******* * * *            *                                                                          
    ----------------------------------------------------------------------------------------------------
    0%        5%        10%       15%       20%       25%       30%       35%       40%       45%       

    Q25 = 0.0098, Q50 = 0.013, Q75 = 0.016

[2026-02-09 21:39:24] DEBUG: Assembled disjointig 1
	With 1412 reads
	Start read: +SRR32410565.35751
	At position: 1408
	leftTip: 0 rightTip: 0
	Suspicious: 4
	Short ext: 1
	Mean extensions: 46
	Avg overlap len: 5663
	Min overlap len: 1924
	Inner reads: 0
	Length: 3039316
[2026-02-09 21:39:24] DEBUG: Inner: 123186 covered: 122322 total: 220374
[2026-02-09 21:39:47] DEBUG: Assembled disjointig 2
	With 784 reads
	Start read: +SRR32410565.167538
	At position: 302
	leftTip: 0 rightTip: 0
	Suspicious: 8
	Short ext: 4
	Mean extensions: 53
	Avg overlap len: 5777
	Min overlap len: 1527
	Inner reads: 0
	Length: 1678766
[2026-02-09 21:39:47] DEBUG: Inner: 198408 covered: 197138 total: 220374
[2026-02-09 21:39:53] DEBUG: Assembled disjointig 3
	With 144 reads
	Start read: +SRR32410565.18995
	At position: 60
	leftTip: 0 rightTip: 0
	Suspicious: 0
	Short ext: 0
	Mean extensions: 62
	Avg overlap len: 5767
	Min overlap len: 3395
	Inner reads: 0
	Length: 302297
[2026-02-09 21:39:53] DEBUG: Inner: 213296 covered: 212044 total: 220374
[2026-02-09 21:39:56] DEBUG: Assembled disjointig 4
	With 61 reads
	Start read: +SRR32410565.39840
	At position: 56
	leftTip: 0 rightTip: 0
	Suspicious: 1
	Short ext: 1
	Mean extensions: 70
	Avg overlap len: 5881
	Min overlap len: 1519
	Inner reads: 0
	Length: 131205
[2026-02-09 21:39:56] DEBUG: Inner: 220312 covered: 219024 total: 220374
[2026-02-09 21:39:56] INFO: Assembled 4 disjointigs
[2026-02-09 21:39:56] INFO: Generating sequence
[2026-02-09 21:39:57] DEBUG: Building positional index
[2026-02-09 21:39:57] DEBUG: Total sequence: 5151418 bp
[2026-02-09 21:39:57] DEBUG: Mean k-mer frequency: 1.02796
[2026-02-09 21:39:57] DEBUG: Repetitive k-mer frequency: 102
[2026-02-09 21:39:57] DEBUG: Filtered 0 repetitive k-mers (0)
[2026-02-09 21:39:57] DEBUG: Sorting k-mer index
[2026-02-09 21:39:57] DEBUG: Selected k-mers: 912391
[2026-02-09 21:39:57] DEBUG: K-mer index size: 937902
[2026-02-09 21:39:57] DEBUG: Mean k-mer frequency: 1.02796
[2026-02-09 21:39:57] DEBUG: Minimizer rate: 5.49249
[2026-02-09 21:39:57] INFO: Filtering contained disjointigs
[2026-02-09 21:39:58] DEBUG: Computing transitive closure for overlaps
[2026-02-09 21:39:58] DEBUG: Found 12 overlaps
[2026-02-09 21:39:58] DEBUG: Left 12 overlaps after filtering
[2026-02-09 21:39:58] INFO: Contained seqs: 0
[2026-02-09 21:39:58] DEBUG: Writing FASTA
[2026-02-09 21:39:58] DEBUG: Peak RAM usage: 1 Gb
-----------End assembly log------------
[2026-02-09 21:39:58] root: DEBUG: Disjointigs length: 5151418, N50: 3039314
[2026-02-09 21:39:58] root: INFO: >>>STAGE: consensus
[2026-02-09 21:39:58] root: INFO: Running Minimap2
[2026-02-09 21:41:36] root: INFO: Computing consensus
[2026-02-09 21:43:31] root: INFO: Alignment error rate: 0.013711
[2026-02-09 21:43:31] root: INFO: >>>STAGE: repeat
[2026-02-09 21:43:31] root: INFO: Building and resolving repeat graph
[2026-02-09 21:43:31] root: DEBUG: -----Begin repeat analyser log------
[2026-02-09 21:43:31] root: DEBUG: Running: flye-modules repeat --disjointigs /Users/ailishm/binf6110/assignment1/assemblies/flye/10-consensus/consensus.fasta --reads /Users/ailishm/binf6110/assignment1/filtered_reads/SRR32410565.filtered.fastq --out-dir /Users/ailishm/binf6110/assignment1/assemblies/flye/20-repeat --config /Users/ailishm/miniconda3/envs/ont_assembly/lib/python3.12/site-packages/flye/config/bin_cfg/asm_nano_hq.cfg --log /Users/ailishm/binf6110/assignment1/assemblies/flye/flye.log --threads 1 --min-ovlp 3000
[2026-02-09 21:43:31] DEBUG: Build date: May  4 2025 23:20:12
[2026-02-09 21:43:31] DEBUG: Total RAM: 16 Gb
[2026-02-09 21:43:31] DEBUG: Available RAM: 0 Gb
[2026-02-09 21:43:31] DEBUG: Total CPUs: 10
[2026-02-09 21:43:31] DEBUG: Loading /Users/ailishm/miniconda3/envs/ont_assembly/lib/python3.12/site-packages/flye/config/bin_cfg/asm_nano_hq.cfg
[2026-02-09 21:43:31] DEBUG: Loading /Users/ailishm/miniconda3/envs/ont_assembly/lib/python3.12/site-packages/flye/config/bin_cfg/asm_defaults.cfg
[2026-02-09 21:43:31] DEBUG: 	big_genome_threshold=29000000
[2026-02-09 21:43:31] DEBUG: 	meta_read_filter_kmer_freq=100
[2026-02-09 21:43:31] DEBUG: 	chain_large_gap_penalty=2
[2026-02-09 21:43:31] DEBUG: 	chain_small_gap_penalty=0.5
[2026-02-09 21:43:31] DEBUG: 	chain_gap_jump_threshold=100
[2026-02-09 21:43:31] DEBUG: 	max_jump_gap=500
[2026-02-09 21:43:31] DEBUG: 	max_coverage_drop_rate=5
[2026-02-09 21:43:31] DEBUG: 	max_extensions_drop_rate=5
[2026-02-09 21:43:31] DEBUG: 	chimera_window=100
[2026-02-09 21:43:31] DEBUG: 	chimera_overhang=1000
[2026-02-09 21:43:31] DEBUG: 	min_reads_in_disjointig=4
[2026-02-09 21:43:31] DEBUG: 	max_inner_reads=10
[2026-02-09 21:43:31] DEBUG: 	max_inner_fraction=0.25
[2026-02-09 21:43:31] DEBUG: 	aggressive_dup_filter=1
[2026-02-09 21:43:31] DEBUG: 	max_separation=500
[2026-02-09 21:43:31] DEBUG: 	unique_edge_length=50000
[2026-02-09 21:43:31] DEBUG: 	min_repeat_res_support=0.51
[2026-02-09 21:43:31] DEBUG: 	out_paths_ratio=5
[2026-02-09 21:43:31] DEBUG: 	graph_cov_drop_rate=5
[2026-02-09 21:43:31] DEBUG: 	coverage_estimate_window=100
[2026-02-09 21:43:31] DEBUG: 	max_bubble_length=50000
[2026-02-09 21:43:31] DEBUG: 	loop_coverage_rate=1.5
[2026-02-09 21:43:31] DEBUG: 	repeat_edge_cov_mult=1.75
[2026-02-09 21:43:31] DEBUG: 	weak_detach_rate=5
[2026-02-09 21:43:31] DEBUG: 	tip_coverage_rate=2
[2026-02-09 21:43:31] DEBUG: 	tip_length_rate=2
[2026-02-09 21:43:31] DEBUG: 	output_gfa_before_rr=1
[2026-02-09 21:43:31] DEBUG: 	remove_alt_edges=0
[2026-02-09 21:43:31] DEBUG: 	low_cutoff_warning=0
[2026-02-09 21:43:31] DEBUG: 	kmer_size=17
[2026-02-09 21:43:31] DEBUG: 	use_minimizers=1
[2026-02-09 21:43:31] DEBUG: 	minimizer_window=10
[2026-02-09 21:43:31] DEBUG: 	reads_base_alignment=1
[2026-02-09 21:43:31] DEBUG: 	meta_read_top_kmer_rate=0.75
[2026-02-09 21:43:31] DEBUG: 	maximum_jump=1500
[2026-02-09 21:43:31] DEBUG: 	maximum_overhang=1500
[2026-02-09 21:43:31] DEBUG: 	repeat_kmer_rate=100
[2026-02-09 21:43:31] DEBUG: 	assemble_ovlp_divergence=0.03
[2026-02-09 21:43:31] DEBUG: 	assemble_divergence_relative=1
[2026-02-09 21:43:31] DEBUG: 	repeat_graph_ovlp_divergence=0.03
[2026-02-09 21:43:31] DEBUG: 	read_align_ovlp_divergence=0.10
[2026-02-09 21:43:31] DEBUG: 	hpc_scoring_on=1
[2026-02-09 21:43:31] DEBUG: 	add_unassembled_reads=0
[2026-02-09 21:43:31] DEBUG: 	extend_contigs_with_repeats=0
[2026-02-09 21:43:31] DEBUG: 	min_read_cov_cutoff=3
[2026-02-09 21:43:31] DEBUG: 	short_tip_length=20000
[2026-02-09 21:43:31] DEBUG: 	long_tip_length=100000
[2026-02-09 21:43:31] DEBUG: Running with k-mer size: 17
[2026-02-09 21:43:31] DEBUG: Selected minimum overlap 3000
[2026-02-09 21:43:31] DEBUG: Metagenome mode: N
[2026-02-09 21:43:31] INFO: Parsing disjointigs
[2026-02-09 21:43:31] DEBUG: Building positional index
[2026-02-09 21:43:31] DEBUG: Total sequence: 5155113 bp
[2026-02-09 21:43:31] INFO: Building repeat graph
[2026-02-09 21:43:31] DEBUG: Mean k-mer frequency: 1.03082
[2026-02-09 21:43:31] DEBUG: Repetitive k-mer frequency: 103
[2026-02-09 21:43:31] DEBUG: Filtered 0 repetitive k-mers (0)
[2026-02-09 21:43:32] DEBUG: Sorting k-mer index
[2026-02-09 21:43:32] DEBUG: Selected k-mers: 910196
[2026-02-09 21:43:32] DEBUG: K-mer index size: 938246
[2026-02-09 21:43:32] DEBUG: Mean k-mer frequency: 1.03082
[2026-02-09 21:43:32] DEBUG: Minimizer rate: 5.49442
[2026-02-09 21:43:32] DEBUG: Computing transitive closure for overlaps
[2026-02-09 21:43:32] DEBUG: Found 188 overlaps
[2026-02-09 21:43:32] DEBUG: Left 80 overlaps after filtering
[2026-02-09 21:43:32] INFO: Median overlap divergence: 0.0594805
[2026-02-09 21:43:32] DEBUG: Sequence divergence distribution: 

    |*     |                                                                                             
    |*     |                                                                                             
    |*     |                                                                                             
    |*     |                                                                                             
    |*     |                                                                                             
    |*     |                                                                                             
    |*     |                                                                                             
    |*     |    *                                                                                        
    |*     |    *                                                                                        
    |*     |    *                                                                                        
    |*     |    *   *                                                                                    
    |*     |    *   *                                                                                    
    |*     |    *   *                                                                                    
    |*     |    *   *                                                                                    
    |*     |    *   *                                                                                    
    |*  *  |    *   *   *                  *         * *                                                 
    |*  *  |    *   *   *                  *         * *                                                 
    |*  ** |    * * *   *            *     *         * *                                                 
    |*  ** |    * * *   *            *     *         * *                                                 
    |*  ** |    * * *   *            *     *         * *                                                 
    ----------------------------------------------------------------------------------------------------
    0%        5%        10%       15%       20%       25%       30%       35%       40%       45%       

    Q25 = 0.0023, Q50 = 0.059, Q75 = 0.097

[2026-02-09 21:43:32] DEBUG: Computing gluepoints
[2026-02-09 21:43:32] DEBUG: Added 0 gluepoint projections
[2026-02-09 21:43:32] DEBUG: Created 106 gluepoints
[2026-02-09 21:43:32] DEBUG: Artificial loops removed: 0 left, 0 right, 0 both
[2026-02-09 21:43:32] DEBUG: Initializing edges
[2026-02-09 21:43:32] DEBUG: Edges length checksum: 27806242790
[2026-02-09 21:43:32] DEBUG: Filtered 0 singleton segments
[2026-02-09 21:43:32] DEBUG: Removed 0 simple and 0 double chimeric junctions
[2026-02-09 21:43:32] DEBUG: Collapsed 5 edges
[2026-02-09 21:43:32] DEBUG: *	30	+disjointig_1	21430	291683	270253	
[2026-02-09 21:43:32] DEBUG:  	4	+disjointig_1	291683	294962	3279	
[2026-02-09 21:43:32] DEBUG:  	10	+disjointig_1	294962	297015	2053	
[2026-02-09 21:43:32] DEBUG: *	12	+disjointig_1	297015	519325	222310	
[2026-02-09 21:43:32] DEBUG:  	13	+disjointig_1	519325	522461	3136	
[2026-02-09 21:43:32] DEBUG: *	14	+disjointig_1	522461	1083458	560997	
[2026-02-09 21:43:32] DEBUG:  	16	+disjointig_1	1083458	1088406	4948	
[2026-02-09 21:43:32] DEBUG: *	-31	+disjointig_1	1088406	1165193	76787	
[2026-02-09 21:43:32] DEBUG:  	4	+disjointig_1	1165193	1168373	3180	
[2026-02-09 21:43:32] DEBUG:  	11	+disjointig_1	1168373	1170443	2070	
[2026-02-09 21:43:32] DEBUG: *	32	+disjointig_1	1170443	1251417	80974	
[2026-02-09 21:43:32] DEBUG:  	33	+disjointig_1	1251417	1257686	6269	
[2026-02-09 21:43:32] DEBUG: *	-19	+disjointig_1	1257686	1528500	270814	
[2026-02-09 21:43:32] DEBUG:  	-16	+disjointig_1	1528500	1533452	4952	
[2026-02-09 21:43:32] DEBUG: *	17	+disjointig_1	1533452	2526306	992854	
[2026-02-09 21:43:32] DEBUG:  	26	+disjointig_1	2526306	2529475	3169	
[2026-02-09 21:43:32] DEBUG: *	29	+disjointig_1	2529475	3041455	511980	
[2026-02-09 21:43:32] DEBUG: *	24	+disjointig_2	4080	423822	419742	
[2026-02-09 21:43:32] DEBUG:  	26	+disjointig_2	423822	426969	3147	
[2026-02-09 21:43:32] DEBUG: *	-15	+disjointig_2	426969	1179698	752729	
[2026-02-09 21:43:32] DEBUG:  	-13	+disjointig_2	1179698	1182836	3138	
[2026-02-09 21:43:32] DEBUG: *	-7	+disjointig_2	1182836	1227958	45122	
[2026-02-09 21:43:32] DEBUG:  	4	+disjointig_2	1227958	1231138	3180	
[2026-02-09 21:43:32] DEBUG:  	11	+disjointig_2	1231138	1233035	1897	
[2026-02-09 21:43:32] DEBUG: *	21	+disjointig_2	1233035	1673223	440188	
[2026-02-09 21:43:32] DEBUG:  	-33	+disjointig_2	1673223	1679920	6697	
[2026-02-09 21:43:32] DEBUG:  	-11	+disjointig_3	1308	3201	1893	
[2026-02-09 21:43:32] DEBUG:  	-4	+disjointig_3	3201	6385	3184	
[2026-02-09 21:43:32] DEBUG: *	5	+disjointig_3	6385	97033	90648	
[2026-02-09 21:43:32] DEBUG:  	-10	+disjointig_3	97033	99290	2257	
[2026-02-09 21:43:32] DEBUG:  	-4	+disjointig_3	99290	102387	3097	
[2026-02-09 21:43:32] DEBUG: *	6	+disjointig_3	102387	252117	149730	
[2026-02-09 21:43:32] DEBUG:  	-10	+disjointig_3	252117	254172	2055	
[2026-02-09 21:43:32] DEBUG:  	-4	+disjointig_3	254172	257350	3178	
[2026-02-09 21:43:32] DEBUG: *	9	+disjointig_3	257350	295493	38143	
[2026-02-09 21:43:32] DEBUG:  	-11	+disjointig_3	295493	297589	2096	
[2026-02-09 21:43:32] DEBUG:  	-4	+disjointig_3	297589	300773	3184	
[2026-02-09 21:43:32] DEBUG: *	34	+disjointig_4	22258	131313	109055	
[2026-02-09 21:43:32] DEBUG: Total edges: 34
[2026-02-09 21:43:32] INFO: Parsing reads
[2026-02-09 21:43:34] DEBUG: Building positional index
[2026-02-09 21:43:34] DEBUG: Total sequence: 624749440 bp
[2026-02-09 21:43:34] DEBUG: Building positional index
[2026-02-09 21:43:34] DEBUG: Total sequence: 5104385 bp
[2026-02-09 21:43:34] INFO: Aligning reads to the graph
[2026-02-09 21:43:34] DEBUG: Mean k-mer frequency: 1.02088
[2026-02-09 21:43:34] DEBUG: Repetitive k-mer frequency: 102
[2026-02-09 21:43:34] DEBUG: Filtered 0 repetitive k-mers (0)
[2026-02-09 21:43:35] DEBUG: Sorting k-mer index
[2026-02-09 21:43:35] DEBUG: Selected k-mers: 909936
[2026-02-09 21:43:35] DEBUG: K-mer index size: 928937
[2026-02-09 21:43:35] DEBUG: Mean k-mer frequency: 1.02088
[2026-02-09 21:43:35] DEBUG: Minimizer rate: 5.49487
[2026-02-09 21:46:33] DEBUG: Total reads : 110187
[2026-02-09 21:46:33] DEBUG: Read with aligned parts : 109569
[2026-02-09 21:46:33] DEBUG: Aligned in one piece : 109559
[2026-02-09 21:46:33] INFO: Aligned read sequence: 530010981 / 534022837 (0.992487)
[2026-02-09 21:46:33] INFO: Median overlap divergence: 0.0062893
[2026-02-09 21:46:33] DEBUG: Sequence divergence distribution: 

    | *                  |                                                                               
    | *                  |                                                                               
    | *                  |                                                                               
    | *                  |                                                                               
    | *                  |                                                                               
    | *                  |                                                                               
    | *                  |                                                                               
    |**                  |                                                                               
    |**                  |                                                                               
    |**                  |                                                                               
    |**                  |                                                                               
    |**                  |                                                                               
    |**                  |                                                                               
    |**                  |                                                                               
    |***                 |                                                                               
    |***                 |                                                                               
    |***                 |                                                                               
    |***                 |                                                                               
    |***                 |                                                                               
    |********** **** *   |                                                                               
    ----------------------------------------------------------------------------------------------------
    0%        5%        10%       15%       20%       25%       30%       35%       40%       45%       

    Q25 = 0.0045, Q50 = 0.0063, Q75 = 0.0087

[2026-02-09 21:46:33] INFO: Mean edge coverage: 102
[2026-02-09 21:46:33] DEBUG: 4	len:3183	cov:752	mult:7.37255
[2026-02-09 21:46:33] DEBUG: -4	len:3183	cov:752	mult:7.37255
[2026-02-09 21:46:33] DEBUG: 5	len:90648	cov:127	mult:1.2451
[2026-02-09 21:46:33] DEBUG: -5	len:90648	cov:127	mult:1.2451
[2026-02-09 21:46:33] DEBUG: 6	len:149730	cov:121	mult:1.18627
[2026-02-09 21:46:33] DEBUG: -6	len:149730	cov:121	mult:1.18627
[2026-02-09 21:46:33] DEBUG: 7	len:45122	cov:108	mult:1.05882
[2026-02-09 21:46:33] DEBUG: -7	len:45122	cov:108	mult:1.05882
[2026-02-09 21:46:33] DEBUG: 9	len:38143	cov:122	mult:1.19608
[2026-02-09 21:46:33] DEBUG: -9	len:38143	cov:122	mult:1.19608
[2026-02-09 21:46:33] DEBUG: 10	len:2121	cov:364	mult:3.56863
[2026-02-09 21:46:33] DEBUG: -10	len:2121	cov:364	mult:3.56863
[2026-02-09 21:46:33] DEBUG: 11	len:1989	cov:398	mult:3.90196
[2026-02-09 21:46:33] DEBUG: -11	len:1989	cov:398	mult:3.90196
[2026-02-09 21:46:33] DEBUG: 12	len:222310	cov:105	mult:1.02941
[2026-02-09 21:46:33] DEBUG: -12	len:222310	cov:105	mult:1.02941
[2026-02-09 21:46:33] DEBUG: 13	len:3137	cov:188	mult:1.84314
[2026-02-09 21:46:33] DEBUG: -13	len:3137	cov:188	mult:1.84314
[2026-02-09 21:46:33] DEBUG: 14	len:560997	cov:117	mult:1.14706
[2026-02-09 21:46:33] DEBUG: -14	len:560997	cov:117	mult:1.14706
[2026-02-09 21:46:33] DEBUG: 15	len:752729	cov:109	mult:1.06863
[2026-02-09 21:46:33] DEBUG: -15	len:752729	cov:109	mult:1.06863
[2026-02-09 21:46:33] DEBUG: 16	len:4950	cov:161	mult:1.57843
[2026-02-09 21:46:33] DEBUG: -16	len:4950	cov:161	mult:1.57843
[2026-02-09 21:46:33] DEBUG: 17	len:992854	cov:83	mult:0.813725
[2026-02-09 21:46:33] DEBUG: -17	len:992854	cov:83	mult:0.813725
[2026-02-09 21:46:33] DEBUG: 19	len:270814	cov:86	mult:0.843137
[2026-02-09 21:46:33] DEBUG: -19	len:270814	cov:86	mult:0.843137
[2026-02-09 21:46:33] DEBUG: 21	len:440188	cov:122	mult:1.19608
[2026-02-09 21:46:33] DEBUG: -21	len:440188	cov:122	mult:1.19608
[2026-02-09 21:46:33] DEBUG: 24	len:419742	cov:91	mult:0.892157
[2026-02-09 21:46:33] DEBUG: -24	len:419742	cov:91	mult:0.892157
[2026-02-09 21:46:33] DEBUG: 26	len:3158	cov:199	mult:1.95098
[2026-02-09 21:46:33] DEBUG: -26	len:3158	cov:199	mult:1.95098
[2026-02-09 21:46:33] DEBUG: 29	len:511980	cov:87	mult:0.852941
[2026-02-09 21:46:33] DEBUG: -29	len:511980	cov:87	mult:0.852941
[2026-02-09 21:46:33] DEBUG: 30	len:270253	cov:96	mult:0.941176
[2026-02-09 21:46:33] DEBUG: -30	len:270253	cov:96	mult:0.941176
[2026-02-09 21:46:33] DEBUG: 31	len:76787	cov:115	mult:1.12745
[2026-02-09 21:46:33] DEBUG: -31	len:76787	cov:115	mult:1.12745
[2026-02-09 21:46:33] DEBUG: 32	len:80974	cov:135	mult:1.32353
[2026-02-09 21:46:33] DEBUG: -32	len:80974	cov:135	mult:1.32353
[2026-02-09 21:46:33] DEBUG: 33	len:6483	cov:59	mult:0.578431
[2026-02-09 21:46:33] DEBUG: -33	len:6483	cov:59	mult:0.578431
[2026-02-09 21:46:33] DEBUG: 34	len:109055	cov:146	mult:1.43137
[2026-02-09 21:46:33] DEBUG: -34	len:109055	cov:146	mult:1.43137
[2026-02-09 21:46:33] DEBUG: Unique coverage threshold 213
[2026-02-09 21:46:33] INFO: Simplifying the graph
[2026-02-09 21:46:33] DEBUG: Read coverage cutoff: 20
[2026-02-09 21:46:33] DEBUG: [SIMPL] Removed 0 paths with low coverage
[2026-02-09 21:46:33] DEBUG: [SIMPL] Masked 0 heterozygous loops
[2026-02-09 21:46:33] DEBUG: [SIMPL] Masked 0 simple bubbles
[2026-02-09 21:46:33] DEBUG: Finding repeats
[2026-02-09 21:46:33] DEBUG: Read coverage cutoff: 20
[2026-02-09 21:46:33] DEBUG: High-cov: 4	3183	752
[2026-02-09 21:46:33] DEBUG: High-cov: 10	2121	364
[2026-02-09 21:46:33] DEBUG: High-cov: 11	1989	398
[2026-02-09 21:46:33] DEBUG: Repeat detection iteration 1
[2026-02-09 21:46:33] DEBUG: Starting 13 aln:250
[2026-02-09 21:46:33] DEBUG: 	      14	num:71	flank:3669	span:7
[2026-02-09 21:46:33] DEBUG: 	      15	num:74	flank:3821	span:11
[2026-02-09 21:46:33] DEBUG: Starting -13 aln:250
[2026-02-09 21:46:33] DEBUG: 	      -12	num:84	flank:3392	span:12
[2026-02-09 21:46:33] DEBUG: 	      -7	num:61	flank:3714	span:11
[2026-02-09 21:46:33] DEBUG: Mult: 13	3137	188	 (1,1)
[2026-02-09 21:46:33] DEBUG: Starting 26 aln:275
[2026-02-09 21:46:33] DEBUG: 	      -15	num:77	flank:3180	span:21
[2026-02-09 21:46:33] DEBUG: 	      29	num:86	flank:3349	span:13
[2026-02-09 21:46:33] DEBUG: Starting -26 aln:275
[2026-02-09 21:46:33] DEBUG: 	      -17	num:85	flank:3066	span:9
[2026-02-09 21:46:33] DEBUG: 	      -24	num:71	flank:3253	span:9
[2026-02-09 21:46:33] DEBUG: Mult: 26	3158	199	 (1,1)
[2026-02-09 21:46:33] DEBUG: Starting 16 aln:295
[2026-02-09 21:46:33] DEBUG: 	      -31	num:89	flank:3527	span:18
[2026-02-09 21:46:33] DEBUG: 	      19	num:72	flank:3733	span:12
[2026-02-09 21:46:33] DEBUG: Starting -16 aln:295
[2026-02-09 21:46:33] DEBUG: 	      17	num:73	flank:3701	span:2
[2026-02-09 21:46:33] DEBUG: 	      -14	num:65	flank:2936	span:3
[2026-02-09 21:46:33] DEBUG: Mult: 16	4950	161	 (1,1)
[2026-02-09 21:46:33] DEBUG: Starting 33 aln:135
[2026-02-09 21:46:33] DEBUG: 	      -21	num:64	flank:3493	span:18
[2026-02-09 21:46:33] DEBUG: 	      -19	num:33	flank:2728	span:18
[2026-02-09 21:46:33] DEBUG: Starting -33 aln:135
[2026-02-09 21:46:33] DEBUG: 	      24	num:13	flank:1793	span:1
[2026-02-09 21:46:33] DEBUG: 	      -32	num:25	flank:2634	span:13
[2026-02-09 21:46:33] DEBUG: Mult: 33	6483	59	 (1,1)
[2026-02-09 21:46:33] DEBUG: Writing Dot
[2026-02-09 21:46:33] DEBUG: Writing FASTA
[2026-02-09 21:46:33] DEBUG: Writing Gfa
[2026-02-09 21:46:33] DEBUG: [SIMPL] == Iteration 1 ==
[2026-02-09 21:46:33] DEBUG: Splitting nodes
[2026-02-09 21:46:33] DEBUG: [SIMPL] Split 0 nodes
[2026-02-09 21:46:33] DEBUG: [SIMPL] Clipped 0 short and 0 long tips
[2026-02-09 21:46:33] DEBUG: [SIMPL] Masked 0 heterozygous loops
[2026-02-09 21:46:33] DEBUG: [SIMPL] Masked 0 simple bubbles
[2026-02-09 21:46:33] DEBUG: Finding repeats
[2026-02-09 21:46:33] DEBUG: Read coverage cutoff: 20
[2026-02-09 21:46:33] DEBUG: High-cov: 4	3183	752
[2026-02-09 21:46:33] DEBUG: High-cov: 10	2121	364
[2026-02-09 21:46:33] DEBUG: High-cov: 11	1989	398
[2026-02-09 21:46:33] DEBUG: Repeat detection iteration 1
[2026-02-09 21:46:33] DEBUG: Starting 13 aln:250
[2026-02-09 21:46:33] DEBUG: 	      14	num:71	flank:3669	span:7
[2026-02-09 21:46:33] DEBUG: 	      15	num:74	flank:3821	span:11
[2026-02-09 21:46:33] DEBUG: Starting -13 aln:250
[2026-02-09 21:46:33] DEBUG: 	      -12	num:84	flank:3392	span:12
[2026-02-09 21:46:33] DEBUG: 	      -7	num:61	flank:3714	span:11
[2026-02-09 21:46:33] DEBUG: Mult: 13	3137	188	 (1,1)
[2026-02-09 21:46:33] DEBUG: Starting 26 aln:275
[2026-02-09 21:46:33] DEBUG: 	      -15	num:77	flank:3180	span:21
[2026-02-09 21:46:33] DEBUG: 	      29	num:86	flank:3349	span:13
[2026-02-09 21:46:33] DEBUG: Starting -26 aln:275
[2026-02-09 21:46:33] DEBUG: 	      -17	num:85	flank:3066	span:9
[2026-02-09 21:46:33] DEBUG: 	      -24	num:71	flank:3253	span:9
[2026-02-09 21:46:33] DEBUG: Mult: 26	3158	199	 (1,1)
[2026-02-09 21:46:33] DEBUG: Starting 16 aln:295
[2026-02-09 21:46:33] DEBUG: 	      -31	num:89	flank:3527	span:18
[2026-02-09 21:46:33] DEBUG: 	      19	num:72	flank:3733	span:12
[2026-02-09 21:46:33] DEBUG: Starting -16 aln:295
[2026-02-09 21:46:33] DEBUG: 	      17	num:73	flank:3701	span:2
[2026-02-09 21:46:33] DEBUG: 	      -14	num:65	flank:2936	span:3
[2026-02-09 21:46:33] DEBUG: Mult: 16	4950	161	 (1,1)
[2026-02-09 21:46:33] DEBUG: Starting 33 aln:135
[2026-02-09 21:46:33] DEBUG: 	      -21	num:64	flank:3493	span:18
[2026-02-09 21:46:33] DEBUG: 	      -19	num:33	flank:2728	span:18
[2026-02-09 21:46:33] DEBUG: Starting -33 aln:135
[2026-02-09 21:46:33] DEBUG: 	      24	num:13	flank:1793	span:1
[2026-02-09 21:46:33] DEBUG: 	      -32	num:25	flank:2634	span:13
[2026-02-09 21:46:33] DEBUG: Mult: 33	6483	59	 (1,1)
[2026-02-09 21:46:33] DEBUG: Total unique edges: 16
[2026-02-09 21:46:33] DEBUG: 	Connection -5	32	3	1
[2026-02-09 21:46:33] DEBUG: 	Connection -21	7	6	1
[2026-02-09 21:46:33] DEBUG: 	Connection -9	-6	4	1
[2026-02-09 21:46:33] DEBUG: 	Connection -17	19	2	1
[2026-02-09 21:46:33] DEBUG: 	Connection 31	-14	2	1
[2026-02-09 21:46:33] DEBUG: 	Connection 17	29	23	1
[2026-02-09 21:46:33] DEBUG: 	Connection -6	-5	5	1
[2026-02-09 21:46:33] DEBUG: 	Connection -14	-12	21	1
[2026-02-09 21:46:33] DEBUG: 	Connection -31	-9	2	1
[2026-02-09 21:46:33] DEBUG: 	Connection 24	-15	21	1
[2026-02-09 21:46:33] DEBUG: 	Connection -15	-7	19	1
[2026-02-09 21:46:33] DEBUG: [SIMPL] Resolved repeats: 11
[2026-02-09 21:46:33] DEBUG: RR links: 216
[2026-02-09 21:46:33] DEBUG: Unresolved: 0
[2026-02-09 21:46:33] DEBUG: Removed 0 simple and 0 double chimeric junctions
[2026-02-09 21:46:33] DEBUG: [SIMPL] == Iteration 2 ==
[2026-02-09 21:46:33] DEBUG: Splitting nodes
[2026-02-09 21:46:33] DEBUG: [SIMPL] Split 0 nodes
[2026-02-09 21:46:33] DEBUG: [SIMPL] Clipped 0 short and 0 long tips
[2026-02-09 21:46:33] DEBUG: [SIMPL] Masked 0 heterozygous loops
[2026-02-09 21:46:33] DEBUG: [SIMPL] Masked 0 simple bubbles
[2026-02-09 21:46:33] DEBUG: Finding repeats
[2026-02-09 21:46:33] DEBUG: Read coverage cutoff: 20
[2026-02-09 21:46:33] DEBUG: Repeat detection iteration 1
[2026-02-09 21:46:33] DEBUG: Starting 33 aln:135
[2026-02-09 21:46:33] DEBUG: 	      -21	num:64	flank:3493	span:18
[2026-02-09 21:46:33] DEBUG: 	      -19	num:33	flank:2728	span:18
[2026-02-09 21:46:33] DEBUG: Starting -33 aln:135
[2026-02-09 21:46:33] DEBUG: 	      24	num:13	flank:1793	span:1
[2026-02-09 21:46:33] DEBUG: 	      -32	num:25	flank:2634	span:13
[2026-02-09 21:46:33] DEBUG: Mult: 33	6483	59	 (1,1)
[2026-02-09 21:46:33] DEBUG: Total unique edges: 29
[2026-02-09 21:46:33] DEBUG: [SIMPL] Resolved repeats: 0
[2026-02-09 21:46:33] DEBUG: RR links: 0
[2026-02-09 21:46:33] DEBUG: Unresolved: 0
[2026-02-09 21:46:33] DEBUG: Removed 0 simple and 0 double chimeric junctions
[2026-02-09 21:46:33] DEBUG: [SIMPL] Collapsed 0 haplotypes
[2026-02-09 21:46:33] DEBUG: [SIMPL] Resolved 0 simple repeats
[2026-02-09 21:46:33] DEBUG: Read coverage cutoff: 20
[2026-02-09 21:46:33] DEBUG: [SIMPL] Removed 0 paths with low coverage
[2026-02-09 21:46:33] DEBUG: Finding repeats
[2026-02-09 21:46:33] DEBUG: Read coverage cutoff: 20
[2026-02-09 21:46:33] DEBUG: Repeat detection iteration 1
[2026-02-09 21:46:33] DEBUG: Starting 33 aln:135
[2026-02-09 21:46:33] DEBUG: 	      -21	num:64	flank:3493	span:18
[2026-02-09 21:46:33] DEBUG: 	      -19	num:33	flank:2728	span:18
[2026-02-09 21:46:33] DEBUG: Starting -33 aln:135
[2026-02-09 21:46:33] DEBUG: 	      24	num:13	flank:1793	span:1
[2026-02-09 21:46:33] DEBUG: 	      -32	num:25	flank:2634	span:13
[2026-02-09 21:46:33] DEBUG: Mult: 33	6483	59	 (1,1)
[2026-02-09 21:46:33] DEBUG: Writing Dot
[2026-02-09 21:46:33] DEBUG: Writing FASTA
[2026-02-09 21:46:33] DEBUG: Peak RAM usage: 0 Gb
-----------End assembly log------------
[2026-02-09 21:46:33] root: INFO: >>>STAGE: contigger
[2026-02-09 21:46:33] root: INFO: Generating contigs
[2026-02-09 21:46:33] root: DEBUG: -----Begin contigger analyser log------
[2026-02-09 21:46:33] root: DEBUG: Running: flye-modules contigger --graph-edges /Users/ailishm/binf6110/assignment1/assemblies/flye/20-repeat/repeat_graph_edges.fasta --reads /Users/ailishm/binf6110/assignment1/filtered_reads/SRR32410565.filtered.fastq --out-dir /Users/ailishm/binf6110/assignment1/assemblies/flye/30-contigger --config /Users/ailishm/miniconda3/envs/ont_assembly/lib/python3.12/site-packages/flye/config/bin_cfg/asm_nano_hq.cfg --repeat-graph /Users/ailishm/binf6110/assignment1/assemblies/flye/20-repeat/repeat_graph_dump --graph-aln /Users/ailishm/binf6110/assignment1/assemblies/flye/20-repeat/read_alignment_dump --log /Users/ailishm/binf6110/assignment1/assemblies/flye/flye.log --threads 1 --min-ovlp 3000
[2026-02-09 21:46:33] DEBUG: Build date: May  4 2025 23:20:18
[2026-02-09 21:46:33] DEBUG: Total RAM: 16 Gb
[2026-02-09 21:46:33] DEBUG: Available RAM: 0 Gb
[2026-02-09 21:46:33] DEBUG: Total CPUs: 10
[2026-02-09 21:46:33] DEBUG: Loading /Users/ailishm/miniconda3/envs/ont_assembly/lib/python3.12/site-packages/flye/config/bin_cfg/asm_nano_hq.cfg
[2026-02-09 21:46:33] DEBUG: Loading /Users/ailishm/miniconda3/envs/ont_assembly/lib/python3.12/site-packages/flye/config/bin_cfg/asm_defaults.cfg
[2026-02-09 21:46:33] DEBUG: 	big_genome_threshold=29000000
[2026-02-09 21:46:33] DEBUG: 	meta_read_filter_kmer_freq=100
[2026-02-09 21:46:33] DEBUG: 	chain_large_gap_penalty=2
[2026-02-09 21:46:33] DEBUG: 	chain_small_gap_penalty=0.5
[2026-02-09 21:46:33] DEBUG: 	chain_gap_jump_threshold=100
[2026-02-09 21:46:33] DEBUG: 	max_jump_gap=500
[2026-02-09 21:46:33] DEBUG: 	max_coverage_drop_rate=5
[2026-02-09 21:46:33] DEBUG: 	max_extensions_drop_rate=5
[2026-02-09 21:46:33] DEBUG: 	chimera_window=100
[2026-02-09 21:46:33] DEBUG: 	chimera_overhang=1000
[2026-02-09 21:46:33] DEBUG: 	min_reads_in_disjointig=4
[2026-02-09 21:46:33] DEBUG: 	max_inner_reads=10
[2026-02-09 21:46:33] DEBUG: 	max_inner_fraction=0.25
[2026-02-09 21:46:33] DEBUG: 	aggressive_dup_filter=1
[2026-02-09 21:46:33] DEBUG: 	max_separation=500
[2026-02-09 21:46:33] DEBUG: 	unique_edge_length=50000
[2026-02-09 21:46:33] DEBUG: 	min_repeat_res_support=0.51
[2026-02-09 21:46:33] DEBUG: 	out_paths_ratio=5
[2026-02-09 21:46:33] DEBUG: 	graph_cov_drop_rate=5
[2026-02-09 21:46:33] DEBUG: 	coverage_estimate_window=100
[2026-02-09 21:46:33] DEBUG: 	max_bubble_length=50000
[2026-02-09 21:46:33] DEBUG: 	loop_coverage_rate=1.5
[2026-02-09 21:46:33] DEBUG: 	repeat_edge_cov_mult=1.75
[2026-02-09 21:46:33] DEBUG: 	weak_detach_rate=5
[2026-02-09 21:46:33] DEBUG: 	tip_coverage_rate=2
[2026-02-09 21:46:33] DEBUG: 	tip_length_rate=2
[2026-02-09 21:46:33] DEBUG: 	output_gfa_before_rr=1
[2026-02-09 21:46:33] DEBUG: 	remove_alt_edges=0
[2026-02-09 21:46:33] DEBUG: 	low_cutoff_warning=0
[2026-02-09 21:46:33] DEBUG: 	kmer_size=17
[2026-02-09 21:46:33] DEBUG: 	use_minimizers=1
[2026-02-09 21:46:33] DEBUG: 	minimizer_window=10
[2026-02-09 21:46:33] DEBUG: 	reads_base_alignment=1
[2026-02-09 21:46:33] DEBUG: 	meta_read_top_kmer_rate=0.75
[2026-02-09 21:46:33] DEBUG: 	maximum_jump=1500
[2026-02-09 21:46:33] DEBUG: 	maximum_overhang=1500
[2026-02-09 21:46:33] DEBUG: 	repeat_kmer_rate=100
[2026-02-09 21:46:33] DEBUG: 	assemble_ovlp_divergence=0.03
[2026-02-09 21:46:33] DEBUG: 	assemble_divergence_relative=1
[2026-02-09 21:46:33] DEBUG: 	repeat_graph_ovlp_divergence=0.03
[2026-02-09 21:46:33] DEBUG: 	read_align_ovlp_divergence=0.10
[2026-02-09 21:46:33] DEBUG: 	hpc_scoring_on=1
[2026-02-09 21:46:33] DEBUG: 	add_unassembled_reads=0
[2026-02-09 21:46:33] DEBUG: 	extend_contigs_with_repeats=0
[2026-02-09 21:46:33] DEBUG: 	min_read_cov_cutoff=3
[2026-02-09 21:46:33] DEBUG: 	short_tip_length=20000
[2026-02-09 21:46:33] DEBUG: 	long_tip_length=100000
[2026-02-09 21:46:33] DEBUG: Running with k-mer size: 17
[2026-02-09 21:46:33] DEBUG: Selected minimum overlap 3000
[2026-02-09 21:46:33] INFO: Reading sequences
[2026-02-09 21:46:35] DEBUG: Building positional index
[2026-02-09 21:46:35] DEBUG: Total sequence: 624749440 bp
[2026-02-09 21:46:35] DEBUG: Flipped 0
[2026-02-09 21:46:35] DEBUG: UPath 1: -19 -> 38 -> 17 -> 40 -> 29 -> 30 -> 4 -> 10 -> 12 -> 42 -> 14 -> 39 -> -31 -> -43 -> -9 -> -37 -> -6 -> 41 -> -5 -> 35 -> 32
[2026-02-09 21:46:35] DEBUG: UPath 2: -21 -> 36 -> 7 -> 45 -> 15 -> -44 -> -24
[2026-02-09 21:46:35] DEBUG: UPath 3: 33
[2026-02-09 21:46:35] DEBUG: UPath 4: 34
[2026-02-09 21:46:35] DEBUG: Final graph contains 4 egdes
[2026-02-09 21:46:35] DEBUG: Extending contigs into repeats
[2026-02-09 21:46:35] DEBUG: Covered 0 repetitive contigs
[2026-02-09 21:46:35] INFO: Generated 4 contigs
[2026-02-09 21:46:35] DEBUG: Writing FASTA
[2026-02-09 21:46:35] DEBUG: Generating scaffold connections
[2026-02-09 21:46:35] INFO: Added 0 scaffold connections
[2026-02-09 21:46:35] DEBUG: Writing Dot
[2026-02-09 21:46:35] DEBUG: Writing FASTA
[2026-02-09 21:46:35] DEBUG: Writing Gfa
[2026-02-09 21:46:35] DEBUG: Peak RAM usage: 0 Gb
-----------End assembly log------------
[2026-02-09 21:46:35] root: INFO: >>>STAGE: polishing
[2026-02-09 21:46:35] root: INFO: Polishing genome (1/1)
[2026-02-09 21:46:35] root: INFO: Running minimap2
[2026-02-09 21:48:11] root: INFO: Separating alignment into bubbles
[2026-02-09 21:50:38] root: DEBUG: Generated 352985 bubbles
[2026-02-09 21:50:38] root: DEBUG: Split 0 long bubbles
[2026-02-09 21:50:38] root: DEBUG: Skipped 0 empty bubbles
[2026-02-09 21:50:38] root: DEBUG: Skipped 0 bubbles with long branches
[2026-02-09 21:50:38] root: INFO: Alignment error rate: 0.007067
[2026-02-09 21:50:38] root: INFO: Correcting bubbles
[2026-02-09 21:51:58] root: DEBUG: Mean contig coverage: 123, selected threshold: 25
[2026-02-09 21:51:58] root: DEBUG: Filtered 1 contigs of total length 6269
[2026-02-09 21:51:58] root: DEBUG: Generating polished GFA
[2026-02-09 21:52:00] root: DEBUG: 1 sequences remained unpolished
[2026-02-09 21:52:00] root: INFO: >>>STAGE: finalize
[2026-02-09 21:52:00] root: DEBUG: ---Output dir contents:----
[2026-02-09 21:52:00] root: DEBUG: flye/
[2026-02-09 21:52:00] root: DEBUG:     4.0 M       assembly_graph.gfa
[2026-02-09 21:52:00] root: DEBUG:     92.0 B      params.json
[2026-02-09 21:52:00] root: DEBUG:     566.0 B     assembly_graph.gv
[2026-02-09 21:52:00] root: DEBUG:     41.0 K      flye.log
[2026-02-09 21:52:00] root: DEBUG:     4.0 M       assembly.fasta
[2026-02-09 21:52:00] root: DEBUG:     00-assembly/
[2026-02-09 21:52:00] root: DEBUG:         133.0 B     draft_assembly.fasta.fai
[2026-02-09 21:52:00] root: DEBUG:         4.0 M       draft_assembly.fasta
[2026-02-09 21:52:00] root: DEBUG:     40-polishing/
[2026-02-09 21:52:00] root: DEBUG:         4.0 M       filtered_contigs.fasta
[2026-02-09 21:52:00] root: DEBUG:         1.0 M       base_coverage.bed.gz
[2026-02-09 21:52:00] root: DEBUG:         105.0 B     contigs_stats.txt
[2026-02-09 21:52:00] root: DEBUG:         914.0 B     minimap.stderr
[2026-02-09 21:52:00] root: DEBUG:         43.0 K      minimap_1.bam.csi
[2026-02-09 21:52:00] root: DEBUG:         88.0 B      filtered_stats.txt
[2026-02-09 21:52:00] root: DEBUG:         87.0 B      filtered_contigs.fasta.fai
[2026-02-09 21:52:00] root: DEBUG:         4.0 M       polished_edges.gfa
[2026-02-09 21:52:00] root: DEBUG:         183.0 B     edges_aln.bam.csi
[2026-02-09 21:52:00] root: DEBUG:     20-repeat/
[2026-02-09 21:52:00] root: DEBUG:         4.0 M       graph_before_rr.gfa
[2026-02-09 21:52:00] root: DEBUG:         27.0 M      read_alignment_dump
[2026-02-09 21:52:00] root: DEBUG:         7.0 K       repeat_graph_dump
[2026-02-09 21:52:00] root: DEBUG:         4.0 M       graph_before_rr.fasta
[2026-02-09 21:52:00] root: DEBUG:         3.0 K       graph_before_rr.gv
[2026-02-09 21:52:00] root: DEBUG:         4.0 M       repeat_graph_edges.fasta
[2026-02-09 21:52:00] root: DEBUG:         3.0 K       graph_after_rr.gv
[2026-02-09 21:52:00] root: DEBUG:     30-contigger/
[2026-02-09 21:52:00] root: DEBUG:         4.0 M       graph_final.fasta
[2026-02-09 21:52:00] root: DEBUG:         4.0 M       contigs.fasta
[2026-02-09 21:52:00] root: DEBUG:         223.0 B     contigs_stats.txt
[2026-02-09 21:52:00] root: DEBUG:         0.0 B       scaffolds_links.txt
[2026-02-09 21:52:00] root: DEBUG:         115.0 B     contigs.fasta.fai
[2026-02-09 21:52:00] root: DEBUG:         566.0 B     graph_final.gv
[2026-02-09 21:52:00] root: DEBUG:         4.0 M       graph_final.gfa
[2026-02-09 21:52:00] root: DEBUG:     10-consensus/
[2026-02-09 21:52:00] root: DEBUG:         4.0 M       consensus.fasta
[2026-02-09 21:52:00] root: DEBUG:         977.0 B     minimap.stderr
[2026-02-09 21:52:00] root: DEBUG:         44.0 K      minimap.bam.csi
[2026-02-09 21:52:00] root: DEBUG: --------------------------
[2026-02-09 21:52:00] root: INFO: Assembly statistics:

	Total length:	5104629
	Fragments:	3
	Fragments N50:	3318771
	Largest frg:	3318771
	Scaffolds:	0
	Mean coverage:	123

[2026-02-09 21:52:00] root: INFO: Final assembly: /Users/ailishm/binf6110/assignment1/assemblies/flye/assembly.fasta
